<?xml version="1.0" encoding="UTF-8"?>
<!-- Generated by org.testng.reporters.JUnitXMLReporter -->
<testsuite ignored="0" hostname="TL0017" failures="0" tests="3" name="Test" time="79.037" errors="0" timestamp="2023-01-22T12:19:18 IST">
  <testcase classname="testcase.LoginTc" name="runLogin" time="4.218"/>
  <testcase classname="testcase.CreateLeadTC" name="runCreate" time="36.787"/>
  <testcase classname="testcase.CreateLeadTC" name="runCreate" time="26.631"/>
</testsuite> <!-- Test -->
