<?xml version="1.0" encoding="UTF-8"?>
<testng-results ignored="0" total="3" passed="3" failed="0" skipped="0">
  <reporter-output>
  </reporter-output>
  <suite started-at="2023-01-22T12:17:59 IST" name="Suite" finished-at="2023-01-22T12:19:18 IST" duration-ms="79037">
    <groups>
    </groups>
    <test started-at="2023-01-22T12:17:59 IST" name="Test" finished-at="2023-01-22T12:19:18 IST" duration-ms="79037">
      <class name="testcase.LoginTc">
        <test-method is-config="true" signature="setfile()[pri:0, instance:testcase.LoginTc@3c77d488]" started-at="2023-01-22T12:17:59 IST" name="setfile" finished-at="2023-01-22T12:17:59 IST" duration-ms="1" status="PASS">
          <reporter-output>
          </reporter-output>
        </test-method> <!-- setfile -->
        <test-method is-config="true" signature="preConditions(java.lang.String)[pri:0, instance:testcase.LoginTc@3c77d488]" started-at="2023-01-22T12:18:02 IST" name="preConditions" finished-at="2023-01-22T12:18:09 IST" duration-ms="7358" status="PASS">
          <params>
            <param index="0">
              <value>
                <![CDATA[http://leaftaps.com/opentaps/]]>
              </value>
            </param>
          </params>
          <reporter-output>
          </reporter-output>
        </test-method> <!-- preConditions -->
        <test-method signature="runLogin(java.lang.String,java.lang.String)[pri:0, instance:testcase.LoginTc@3c77d488]" started-at="2023-01-22T12:18:09 IST" name="runLogin" data-provider="fetchData" finished-at="2023-01-22T12:18:14 IST" duration-ms="4218" status="PASS">
          <params>
            <param index="0">
              <value>
                <![CDATA[DemoSalesManager]]>
              </value>
            </param>
            <param index="1">
              <value>
                <![CDATA[crmsfa]]>
              </value>
            </param>
          </params>
          <reporter-output>
          </reporter-output>
        </test-method> <!-- runLogin -->
        <test-method is-config="true" signature="postCondition()[pri:0, instance:testcase.LoginTc@3c77d488]" started-at="2023-01-22T12:18:14 IST" name="postCondition" finished-at="2023-01-22T12:18:14 IST" duration-ms="568" status="PASS">
          <reporter-output>
          </reporter-output>
        </test-method> <!-- postCondition -->
      </class> <!-- testcase.LoginTc -->
      <class name="testcase.CreateLeadTC">
        <test-method is-config="true" signature="setfile()[pri:0, instance:testcase.CreateLeadTC@60099951]" started-at="2023-01-22T12:17:59 IST" name="setfile" finished-at="2023-01-22T12:17:59 IST" duration-ms="34" status="PASS">
          <reporter-output>
          </reporter-output>
        </test-method> <!-- setfile -->
        <test-method is-config="true" signature="preConditions(java.lang.String)[pri:0, instance:testcase.CreateLeadTC@60099951]" started-at="2023-01-22T12:18:02 IST" name="preConditions" finished-at="2023-01-22T12:18:10 IST" duration-ms="8117" status="PASS">
          <params>
            <param index="0">
              <value>
                <![CDATA[http://leaftaps.com/opentaps/]]>
              </value>
            </param>
          </params>
          <reporter-output>
          </reporter-output>
        </test-method> <!-- preConditions -->
        <test-method signature="runCreate(java.lang.String,java.lang.String,java.lang.String,java.lang.String,java.lang.String,java.lang.String)[pri:0, instance:testcase.CreateLeadTC@60099951]" started-at="2023-01-22T12:18:10 IST" name="runCreate" data-provider="fetchData" finished-at="2023-01-22T12:18:47 IST" duration-ms="36787" status="PASS">
          <params>
            <param index="0">
              <value>
                <![CDATA[DemoSalesManager]]>
              </value>
            </param>
            <param index="1">
              <value>
                <![CDATA[crmsfa]]>
              </value>
            </param>
            <param index="2">
              <value>
                <![CDATA[TestLeaf]]>
              </value>
            </param>
            <param index="3">
              <value>
                <![CDATA[Hari]]>
              </value>
            </param>
            <param index="4">
              <value>
                <![CDATA[R]]>
              </value>
            </param>
            <param index="5">
              <value>
                <![CDATA[99]]>
              </value>
            </param>
          </params>
          <reporter-output>
          </reporter-output>
        </test-method> <!-- runCreate -->
        <test-method is-config="true" signature="postCondition()[pri:0, instance:testcase.CreateLeadTC@60099951]" started-at="2023-01-22T12:18:47 IST" name="postCondition" finished-at="2023-01-22T12:18:47 IST" duration-ms="379" status="PASS">
          <reporter-output>
          </reporter-output>
        </test-method> <!-- postCondition -->
        <test-method is-config="true" signature="preConditions(java.lang.String)[pri:0, instance:testcase.CreateLeadTC@60099951]" started-at="2023-01-22T12:18:47 IST" name="preConditions" finished-at="2023-01-22T12:18:51 IST" duration-ms="3905" status="PASS">
          <params>
            <param index="0">
              <value>
                <![CDATA[http://leaftaps.com/opentaps/]]>
              </value>
            </param>
          </params>
          <reporter-output>
          </reporter-output>
        </test-method> <!-- preConditions -->
        <test-method signature="runCreate(java.lang.String,java.lang.String,java.lang.String,java.lang.String,java.lang.String,java.lang.String)[pri:0, instance:testcase.CreateLeadTC@60099951]" started-at="2023-01-22T12:18:51 IST" name="runCreate" data-provider="fetchData" finished-at="2023-01-22T12:19:18 IST" duration-ms="26631" status="PASS">
          <params>
            <param index="0">
              <value>
                <![CDATA[DemoSalesManager]]>
              </value>
            </param>
            <param index="1">
              <value>
                <![CDATA[crmsfa]]>
              </value>
            </param>
            <param index="2">
              <value>
                <![CDATA[Testleaf]]>
              </value>
            </param>
            <param index="3">
              <value>
                <![CDATA[Vidya]]>
              </value>
            </param>
            <param index="4">
              <value>
                <![CDATA[R]]>
              </value>
            </param>
            <param index="5">
              <value>
                <![CDATA[999]]>
              </value>
            </param>
          </params>
          <reporter-output>
          </reporter-output>
        </test-method> <!-- runCreate -->
        <test-method is-config="true" signature="postCondition()[pri:0, instance:testcase.CreateLeadTC@60099951]" started-at="2023-01-22T12:19:18 IST" name="postCondition" finished-at="2023-01-22T12:19:18 IST" duration-ms="530" status="PASS">
          <reporter-output>
          </reporter-output>
        </test-method> <!-- postCondition -->
      </class> <!-- testcase.CreateLeadTC -->
    </test> <!-- Test -->
  </suite> <!-- Suite -->
</testng-results>
